<?xml version="1.0" encoding="UTF-8"?>
<testsuites name="Mocha Tests" time="10.814" tests="1" failures="0">
  <testsuite name="Root Suite" timestamp="2025-08-20T06:45:50" tests="0" file="cypress\e2e\Agent.cy.js" time="0.000" failures="0">
  </testsuite>
  <testsuite name="Agent test" timestamp="2025-08-20T06:45:50" tests="1" time="10.813" failures="0">
    <testcase name="Agent test agent registration form" time="10.764" classname="agent registration form">
    </testcase>
  </testsuite>
</testsuites>