{
  "stats": {
    "suites": 2,
    "tests": 2,
    "passes": 2,
    "pending": 0,
    "failures": 0,
    "start": "2025-08-06T11:48:34.220Z",
    "end": "2025-08-06T11:48:48.465Z",
    "duration": 14245,
    "testsRegistered": 2,
    "passPercent": 100,
    "pendingPercent": 0,
    "other": 0,
    "hasOther": false,
    "skipped": 0,
    "hasSkipped": false
  },
  "results": [
    {
      "uuid": "86b13aa1-2dcc-4c3b-a858-b4a49d8df4ad",
      "title": "",
      "fullFile": "cypress\\e2e\\Login.cy.js",
      "file": "cypress\\e2e\\Login.cy.js",
      "beforeHooks": [],
      "afterHooks": [],
      "tests": [],
      "suites": [
        {
          "uuid": "5e55af0d-1c44-4734-bf03-8ed3a7a6dac7",
          "title": "Login Test - Page Object Model",
          "fullFile": "",
          "file": "",
          "beforeHooks": [],
          "afterHooks": [],
          "tests": [
            {
              "title": "should login successfully",
              "fullTitle": "Login Test - Page Object Model should login successfully",
              "timedOut": null,
              "duration": 7397,
              "state": "passed",
              "speed": "medium",
              "pass": true,
              "fail": false,
              "pending": false,
              "context": "{\n  \"title\": \"cypress-mochawesome-reporter-videos-passed\",\n  \"value\": \"cypress\\\\e2e\\\\Login.cy.js\"\n}",
              "code": "login.setUserName(this.loginData.username);\nlogin.setPassword(this.loginData.password);\nlogin.clickSubmit();\nlogin.verifyLogin();",
              "err": {},
              "uuid": "67008498-32eb-4fa0-847d-b7384666e62a",
              "parentUUID": "5e55af0d-1c44-4734-bf03-8ed3a7a6dac7",
              "isHook": false,
              "skipped": false
            }
          ],
          "suites": [
            {
              "uuid": "4bf13454-1f99-4dd7-9296-480166acfa39",
              "title": "OrangeHRM Login Test using Custom Command",
              "fullFile": "",
              "file": "",
              "beforeHooks": [],
              "afterHooks": [],
              "tests": [
                {
                  "title": "should login successfully using custom command",
                  "fullTitle": "Login Test - Page Object Model OrangeHRM Login Test using Custom Command should login successfully using custom command",
                  "timedOut": null,
                  "duration": 6692,
                  "state": "passed",
                  "speed": "medium",
                  "pass": true,
                  "fail": false,
                  "pending": false,
                  "context": "{\n  \"title\": \"cypress-mochawesome-reporter-videos-passed\",\n  \"value\": \"cypress\\\\e2e\\\\Login.cy.js\"\n}",
                  "code": "cy.login(loginData.username, loginData.password);",
                  "err": {},
                  "uuid": "7854604c-bd9b-4cfc-8553-217873f501f6",
                  "parentUUID": "4bf13454-1f99-4dd7-9296-480166acfa39",
                  "isHook": false,
                  "skipped": false
                }
              ],
              "suites": [],
              "passes": [
                "7854604c-bd9b-4cfc-8553-217873f501f6"
              ],
              "failures": [],
              "pending": [],
              "skipped": [],
              "duration": 6692,
              "root": false,
              "rootEmpty": false,
              "_timeout": 2000
            }
          ],
          "passes": [
            "67008498-32eb-4fa0-847d-b7384666e62a"
          ],
          "failures": [],
          "pending": [],
          "skipped": [],
          "duration": 7397,
          "root": false,
          "rootEmpty": false,
          "_timeout": 2000
        }
      ],
      "passes": [],
      "failures": [],
      "pending": [],
      "skipped": [],
      "duration": 0,
      "root": true,
      "rootEmpty": true,
      "_timeout": 2000
    }
  ],
  "meta": {
    "mocha": {
      "version": "7.2.0"
    },
    "mochawesome": {
      "options": {
        "quiet": false,
        "reportFilename": "mochawesome",
        "saveHtml": true,
        "saveJson": true,
        "consoleReporter": "spec",
        "useInlineDiffs": false,
        "code": true
      },
      "version": "7.1.3"
    },
    "marge": {
      "options": {
        "reportDir": "cypress/reports",
        "overwrite": true,
        "html": true,
        "json": true,
        "charts": true,
        "embeddedScreenshots": true,
        "inlineAssets": true
      },
      "version": "6.2.0"
    }
  }
}