{
  "stats": {
    "suites": 1,
    "tests": 1,
    "passes": 1,
    "pending": 0,
    "failures": 0,
    "start": "2025-08-19T05:18:21.698Z",
    "end": "2025-08-19T05:18:30.856Z",
    "duration": 9158,
    "testsRegistered": 1,
    "passPercent": 100,
    "pendingPercent": 0,
    "other": 0,
    "hasOther": false,
    "skipped": 0,
    "hasSkipped": false
  },
  "results": [
    {
      "uuid": "b5396131-7c9b-4bf3-9f93-61dbed4fb2e5",
      "title": "",
      "fullFile": "cypress\\e2e\\Agent.cy.js",
      "file": "cypress\\e2e\\Agent.cy.js",
      "beforeHooks": [],
      "afterHooks": [],
      "tests": [],
      "suites": [
        {
          "uuid": "26b7cbd1-428f-4f83-aaf4-dea91b14a535",
          "title": "Agent test",
          "fullFile": "",
          "file": "",
          "beforeHooks": [],
          "afterHooks": [],
          "tests": [
            {
              "title": "agent registration form",
              "fullTitle": "Agent test agent registration form",
              "timedOut": null,
              "duration": 9110,
              "state": "passed",
              "speed": "medium",
              "pass": true,
              "fail": false,
              "pending": false,
              "context": "{\n  \"title\": \"cypress-mochawesome-reporter-videos-passed\",\n  \"value\": \"cypress\\\\e2e\\\\Agent.cy.js\"\n}",
              "code": "agent.clicksignup();\nagent.clickyes();\nagent.selectAgentType();\nagent.enterAgentName(Data.agentname);",
              "err": {},
              "uuid": "0a20eb1f-27b4-417f-824b-c472556c2113",
              "parentUUID": "26b7cbd1-428f-4f83-aaf4-dea91b14a535",
              "isHook": false,
              "skipped": false
            }
          ],
          "suites": [],
          "passes": [
            "0a20eb1f-27b4-417f-824b-c472556c2113"
          ],
          "failures": [],
          "pending": [],
          "skipped": [],
          "duration": 9110,
          "root": false,
          "rootEmpty": false,
          "_timeout": 2000
        }
      ],
      "passes": [],
      "failures": [],
      "pending": [],
      "skipped": [],
      "duration": 0,
      "root": true,
      "rootEmpty": true,
      "_timeout": 2000
    }
  ],
  "meta": {
    "mocha": {
      "version": "7.2.0"
    },
    "mochawesome": {
      "options": {
        "quiet": false,
        "reportFilename": "mochawesome",
        "saveHtml": false,
        "saveJson": true,
        "consoleReporter": "spec",
        "useInlineDiffs": false,
        "code": true
      },
      "version": "7.1.3"
    },
    "marge": {
      "options": {
        "reportDir": "cypress/reports",
        "overwrite": true,
        "html": false,
        "json": true
      },
      "version": "6.2.0"
    }
  }
}