{
  "stats": {
    "suites": 2,
    "tests": 2,
    "passes": 2,
    "pending": 0,
    "failures": 0,
    "start": "2025-08-06T12:15:36.883Z",
    "end": "2025-08-06T12:15:47.603Z",
    "duration": 10720,
    "testsRegistered": 2,
    "passPercent": 100,
    "pendingPercent": 0,
    "other": 0,
    "hasOther": false,
    "skipped": 0,
    "hasSkipped": false
  },
  "results": [
    {
      "uuid": "60a3a00a-132b-4784-af03-5e1d6f8b99a7",
      "title": "",
      "fullFile": "cypress\\e2e\\Login.cy.js",
      "file": "cypress\\e2e\\Login.cy.js",
      "beforeHooks": [],
      "afterHooks": [],
      "tests": [],
      "suites": [
        {
          "uuid": "333f203f-23c6-4515-a0be-808af39fb177",
          "title": "Login Test - Page Object Model",
          "fullFile": "",
          "file": "",
          "beforeHooks": [],
          "afterHooks": [],
          "tests": [
            {
              "title": "should login successfully",
              "fullTitle": "Login Test - Page Object Model should login successfully",
              "timedOut": null,
              "duration": 6034,
              "state": "passed",
              "speed": "medium",
              "pass": true,
              "fail": false,
              "pending": false,
              "context": "{\n  \"title\": \"cypress-mochawesome-reporter-videos-passed\",\n  \"value\": \"cypress\\\\e2e\\\\Login.cy.js\"\n}",
              "code": "login.setUserName(this.loginData.username);\nlogin.setPassword(this.loginData.password);\nlogin.clickSubmit();\nlogin.verifyLogin();",
              "err": {},
              "uuid": "8e0930d2-9f66-44db-9dfe-db452084ab31",
              "parentUUID": "333f203f-23c6-4515-a0be-808af39fb177",
              "isHook": false,
              "skipped": false
            }
          ],
          "suites": [
            {
              "uuid": "24511bd2-17db-478d-a286-1b5a8091a447",
              "title": "OrangeHRM Login Test using Custom Command",
              "fullFile": "",
              "file": "",
              "beforeHooks": [],
              "afterHooks": [],
              "tests": [
                {
                  "title": "should login successfully using custom command",
                  "fullTitle": "Login Test - Page Object Model OrangeHRM Login Test using Custom Command should login successfully using custom command",
                  "timedOut": null,
                  "duration": 4552,
                  "state": "passed",
                  "speed": "fast",
                  "pass": true,
                  "fail": false,
                  "pending": false,
                  "context": "{\n  \"title\": \"cypress-mochawesome-reporter-videos-passed\",\n  \"value\": \"cypress\\\\e2e\\\\Login.cy.js\"\n}",
                  "code": "cy.login(loginData.username, loginData.password);",
                  "err": {},
                  "uuid": "fcb49f3d-53f6-450b-95e0-8490beed468f",
                  "parentUUID": "24511bd2-17db-478d-a286-1b5a8091a447",
                  "isHook": false,
                  "skipped": false
                }
              ],
              "suites": [],
              "passes": [
                "fcb49f3d-53f6-450b-95e0-8490beed468f"
              ],
              "failures": [],
              "pending": [],
              "skipped": [],
              "duration": 4552,
              "root": false,
              "rootEmpty": false,
              "_timeout": 2000
            }
          ],
          "passes": [
            "8e0930d2-9f66-44db-9dfe-db452084ab31"
          ],
          "failures": [],
          "pending": [],
          "skipped": [],
          "duration": 6034,
          "root": false,
          "rootEmpty": false,
          "_timeout": 2000
        }
      ],
      "passes": [],
      "failures": [],
      "pending": [],
      "skipped": [],
      "duration": 0,
      "root": true,
      "rootEmpty": true,
      "_timeout": 2000
    }
  ],
  "meta": {
    "mocha": {
      "version": "7.2.0"
    },
    "mochawesome": {
      "options": {
        "quiet": false,
        "reportFilename": "mochawesome",
        "saveHtml": false,
        "saveJson": true,
        "consoleReporter": "spec",
        "useInlineDiffs": false,
        "code": true
      },
      "version": "7.1.3"
    },
    "marge": {
      "options": {
        "reportDir": "cypress/reports/json",
        "overwrite": true,
        "html": false,
        "json": true
      },
      "version": "6.2.0"
    }
  }
}