{
  "stats": {
    "suites": 2,
    "tests": 2,
    "passes": 0,
    "pending": 0,
    "failures": 2,
    "start": "2025-08-11T12:33:25.554Z",
    "end": "2025-08-11T12:33:50.894Z",
    "duration": 25340,
    "testsRegistered": 2,
    "passPercent": 0,
    "pendingPercent": 0,
    "other": 0,
    "hasOther": false,
    "skipped": 0,
    "hasSkipped": false
  },
  "results": [
    {
      "uuid": "206cb453-b5b6-4cd4-ac30-181826341f0d",
      "title": "",
      "fullFile": "cypress\\e2e\\Login.cy.js",
      "file": "cypress\\e2e\\Login.cy.js",
      "beforeHooks": [],
      "afterHooks": [],
      "tests": [],
      "suites": [
        {
          "uuid": "c56b485b-58c4-4c2e-8a48-18cfcecb0a18",
          "title": "Login Test - Page Object Model",
          "fullFile": "",
          "file": "",
          "beforeHooks": [],
          "afterHooks": [],
          "tests": [
            {
              "title": "should login successfully",
              "fullTitle": "Login Test - Page Object Model should login successfully",
              "timedOut": null,
              "duration": 17960,
              "state": "failed",
              "speed": null,
              "pass": false,
              "fail": true,
              "pending": false,
              "context": "[\n  {\n    \"title\": \"cypress-mochawesome-reporter-videos-failed\",\n    \"value\": \"cypress\\\\e2e\\\\Login.cy.js\"\n  },\n  {\n    \"title\": \"cypress-mochawesome-reporter-screenshots\",\n    \"value\": [\n      [\n        \"\\\\Login.cy.js\\\\Login Test - Page Object Model -- should login successfully (failed).png\"\n      ]\n    ]\n  }\n]",
              "code": "login.setUserName(this.loginData.username);\nlogin.setPassword(this.loginData.password);\nlogin.clickSubmit();\nlogin.verifyLogin();",
              "err": {
                "message": "AssertionError: Timed out retrying after 4000ms: Expected to find element: `:nth-child(2) > .oxd-input-group > :nth-child(2) > .oxd-input`, but never found it.",
                "estack": "AssertionError: Timed out retrying after 4000ms: Expected to find element: `:nth-child(2) > .oxd-input-group > :nth-child(2) > .oxd-input`, but never found it.\n    at Login.setUserName (webpack://cypressautomation/./cypress/pages/LoginPage.js:10:7)\n    at Context.eval (webpack://cypressautomation/./cypress/e2e/Login.cy.js:12:10)",
                "diff": null
              },
              "uuid": "14d4d1b5-361a-4130-a983-09f3da45ad9d",
              "parentUUID": "c56b485b-58c4-4c2e-8a48-18cfcecb0a18",
              "isHook": false,
              "skipped": false
            }
          ],
          "suites": [
            {
              "uuid": "09e6b9be-4a69-484b-bd25-b023a6ec2e77",
              "title": "OrangeHRM Login Test using Custom Command",
              "fullFile": "",
              "file": "",
              "beforeHooks": [],
              "afterHooks": [],
              "tests": [
                {
                  "title": "should login successfully using custom command",
                  "fullTitle": "Login Test - Page Object Model OrangeHRM Login Test using Custom Command should login successfully using custom command",
                  "timedOut": null,
                  "duration": 7246,
                  "state": "failed",
                  "speed": null,
                  "pass": false,
                  "fail": true,
                  "pending": false,
                  "context": "[\n  {\n    \"title\": \"cypress-mochawesome-reporter-videos-failed\",\n    \"value\": \"cypress\\\\e2e\\\\Login.cy.js\"\n  },\n  {\n    \"title\": \"cypress-mochawesome-reporter-screenshots\",\n    \"value\": [\n      [\n        \"\\\\Login.cy.js\\\\Login Test - Page Object Model -- OrangeHRM Login Test using Custom Command -- should login successfully using custom command (failed).png\"\n      ]\n    ]\n  }\n]",
                  "code": "cy.login(loginData.username, loginData.password);",
                  "err": {
                    "message": "AssertionError: Timed out retrying after 4000ms: Expected to find element: `:nth-child(2) > .oxd-input-group > :nth-child(2) > .oxd-input`, but never found it.",
                    "estack": "AssertionError: Timed out retrying after 4000ms: Expected to find element: `:nth-child(2) > .oxd-input-group > :nth-child(2) > .oxd-input`, but never found it.\n    at Context.eval (webpack://cypressautomation/./cypress/support/commands.js:5:5)\n    at wrapped (https://ampdev.sigmaprocess.net/__cypress/runner/cypress_runner.js:141524:43)",
                    "diff": null
                  },
                  "uuid": "13834728-cdd8-4a49-92e4-1925fcc015e2",
                  "parentUUID": "09e6b9be-4a69-484b-bd25-b023a6ec2e77",
                  "isHook": false,
                  "skipped": false
                }
              ],
              "suites": [],
              "passes": [],
              "failures": [
                "13834728-cdd8-4a49-92e4-1925fcc015e2"
              ],
              "pending": [],
              "skipped": [],
              "duration": 7246,
              "root": false,
              "rootEmpty": false,
              "_timeout": 2000
            }
          ],
          "passes": [],
          "failures": [
            "14d4d1b5-361a-4130-a983-09f3da45ad9d"
          ],
          "pending": [],
          "skipped": [],
          "duration": 17960,
          "root": false,
          "rootEmpty": false,
          "_timeout": 2000
        }
      ],
      "passes": [],
      "failures": [],
      "pending": [],
      "skipped": [],
      "duration": 0,
      "root": true,
      "rootEmpty": true,
      "_timeout": 2000
    }
  ],
  "meta": {
    "mocha": {
      "version": "7.2.0"
    },
    "mochawesome": {
      "options": {
        "quiet": false,
        "reportFilename": "mochawesome",
        "saveHtml": false,
        "saveJson": true,
        "consoleReporter": "spec",
        "useInlineDiffs": false,
        "code": true
      },
      "version": "7.1.3"
    },
    "marge": {
      "options": {
        "reportDir": "cypress\\reports\\json\\.jsons",
        "overwrite": false,
        "html": false,
        "json": true
      },
      "version": "6.2.0"
    }
  }
}