{
  "stats": {
    "suites": 1,
    "tests": 1,
    "passes": 1,
    "pending": 0,
    "failures": 0,
    "start": "2025-08-11T12:32:52.538Z",
    "end": "2025-08-11T12:33:22.559Z",
    "duration": 30021,
    "testsRegistered": 1,
    "passPercent": 100,
    "pendingPercent": 0,
    "other": 0,
    "hasOther": false,
    "skipped": 0,
    "hasSkipped": false
  },
  "results": [
    {
      "uuid": "89561aa1-6d5e-4675-8dfb-8d5823dae24a",
      "title": "",
      "fullFile": "cypress\\e2e\\Agent.cy.js",
      "file": "cypress\\e2e\\Agent.cy.js",
      "beforeHooks": [],
      "afterHooks": [],
      "tests": [],
      "suites": [
        {
          "uuid": "05335fbd-8d85-457a-ad8f-8165168c77ab",
          "title": "Agent test",
          "fullFile": "",
          "file": "",
          "beforeHooks": [],
          "afterHooks": [],
          "tests": [
            {
              "title": "agent registration form",
              "fullTitle": "Agent test agent registration form",
              "timedOut": null,
              "duration": 29967,
              "state": "passed",
              "speed": "slow",
              "pass": true,
              "fail": false,
              "pending": false,
              "context": "{\n  \"title\": \"cypress-mochawesome-reporter-videos-passed\",\n  \"value\": \"cypress\\\\e2e\\\\Agent.cy.js\"\n}",
              "code": "agent.clicksignup();\nagent.clickyes();\nagent.selectAgentType();\nagent.enterAgentName(Data.agentname);",
              "err": {},
              "uuid": "b4a31757-cf38-41bf-9266-d996a571170b",
              "parentUUID": "05335fbd-8d85-457a-ad8f-8165168c77ab",
              "isHook": false,
              "skipped": false
            }
          ],
          "suites": [],
          "passes": [
            "b4a31757-cf38-41bf-9266-d996a571170b"
          ],
          "failures": [],
          "pending": [],
          "skipped": [],
          "duration": 29967,
          "root": false,
          "rootEmpty": false,
          "_timeout": 2000
        }
      ],
      "passes": [],
      "failures": [],
      "pending": [],
      "skipped": [],
      "duration": 0,
      "root": true,
      "rootEmpty": true,
      "_timeout": 2000
    }
  ],
  "meta": {
    "mocha": {
      "version": "7.2.0"
    },
    "mochawesome": {
      "options": {
        "quiet": false,
        "reportFilename": "mochawesome",
        "saveHtml": false,
        "saveJson": true,
        "consoleReporter": "spec",
        "useInlineDiffs": false,
        "code": true
      },
      "version": "7.1.3"
    },
    "marge": {
      "options": {
        "reportDir": "cypress\\reports\\json\\.jsons",
        "overwrite": false,
        "html": false,
        "json": true
      },
      "version": "6.2.0"
    }
  }
}